Using pre-set license
Built from '2021.3/staging' branch; Version is '2021.3.1f1 (3b70a0754835) revision 3895456'; Using compiler version '192829333'; Build Type 'Release'
OS: 'Windows 11  (10.0.22621) 64bit Core' Language: 'en' Physical Memory: 16310 MB
BatchMode: 1, IsHumanControllingUs: 0, StartBugReporterOnCrash: 0, Is64bit: 1, IsPro: 1

COMMAND LINE ARGUMENTS:
C:\Program Files\Unity\Hub\Editor\2021.3.1f1\Editor\Unity.exe
-adb2
-batchMode
-noUpm
-name
AssetImportWorker0
-projectPath
C:/Users/eduar/OneDrive/Desktop/Unity Projects/Untitled-Platformer-Game
-logFile
Logs/AssetImportWorker0.log
-srvPort
58506
Successfully changed project path to: C:/Users/eduar/OneDrive/Desktop/Unity Projects/Untitled-Platformer-Game
C:/Users/eduar/OneDrive/Desktop/Unity Projects/Untitled-Platformer-Game
[UnityMemory] Configuration Parameters - Can be set up in boot.config
    "memorysetup-bucket-allocator-granularity=16"
    "memorysetup-bucket-allocator-bucket-count=8"
    "memorysetup-bucket-allocator-block-size=33554432"
    "memorysetup-bucket-allocator-block-count=8"
    "memorysetup-main-allocator-block-size=16777216"
    "memorysetup-thread-allocator-block-size=16777216"
    "memorysetup-gfx-main-allocator-block-size=16777216"
    "memorysetup-gfx-thread-allocator-block-size=16777216"
    "memorysetup-cache-allocator-block-size=4194304"
    "memorysetup-typetree-allocator-block-size=2097152"
    "memorysetup-profiler-bucket-allocator-granularity=16"
    "memorysetup-profiler-bucket-allocator-bucket-count=8"
    "memorysetup-profiler-bucket-allocator-block-size=33554432"
    "memorysetup-profiler-bucket-allocator-block-count=8"
    "memorysetup-profiler-allocator-block-size=16777216"
    "memorysetup-profiler-editor-allocator-block-size=1048576"
    "memorysetup-temp-allocator-size-main=16777216"
    "memorysetup-job-temp-allocator-block-size=2097152"
    "memorysetup-job-temp-allocator-block-size-background=1048576"
    "memorysetup-job-temp-allocator-reduction-small-platforms=262144"
    "memorysetup-temp-allocator-size-background-worker=32768"
    "memorysetup-temp-allocator-size-job-worker=262144"
    "memorysetup-temp-allocator-size-preload-manager=33554432"
    "memorysetup-temp-allocator-size-nav-mesh-worker=65536"
    "memorysetup-temp-allocator-size-audio-worker=65536"
    "memorysetup-temp-allocator-size-cloud-worker=32768"
    "memorysetup-temp-allocator-size-gi-baking-worker=262144"
    "memorysetup-temp-allocator-size-gfx=262144"
Refreshing native plugins compatible for Editor in 84.52 ms, found 4 plugins.
Preloading 0 native plugins for Editor in 0.00 ms.
Initialize engine version: 2021.3.1f1 (3b70a0754835)
[Subsystems] Discovering subsystems at path C:/Program Files/Unity/Hub/Editor/2021.3.1f1/Editor/Data/Resources/UnitySubsystems
[Subsystems] Discovering subsystems at path C:/Users/eduar/OneDrive/Desktop/Unity Projects/Untitled-Platformer-Game/Assets
GfxDevice: creating device client; threaded=0; jobified=0
Direct3D:
    Version:  Direct3D 11.0 [level 11.1]
    Renderer: NVIDIA GeForce GTX 1060 6GB (ID=0x1c03)
    Vendor:   NVIDIA
    VRAM:     6052 MB
    Driver:   31.0.15.1694
Initialize mono
Mono path[0] = 'C:/Program Files/Unity/Hub/Editor/2021.3.1f1/Editor/Data/Managed'
Mono path[1] = 'C:/Program Files/Unity/Hub/Editor/2021.3.1f1/Editor/Data/MonoBleedingEdge/lib/mono/unityjit-win32'
Mono config path = 'C:/Program Files/Unity/Hub/Editor/2021.3.1f1/Editor/Data/MonoBleedingEdge/etc'
Using monoOptions --debugger-agent=transport=dt_socket,embedding=1,server=y,suspend=n,address=127.0.0.1:56536
Begin MonoManager ReloadAssembly
Registering precompiled unity dll's ...
Register platform support module: C:/Program Files/Unity/Hub/Editor/2021.3.1f1/Editor/Data/PlaybackEngines/MacStandaloneSupport/UnityEditor.OSXStandalone.Extensions.dll
Register platform support module: C:/Program Files/Unity/Hub/Editor/2021.3.1f1/Editor/Data/PlaybackEngines/WindowsStandaloneSupport/UnityEditor.WindowsStandalone.Extensions.dll
Registered in 0.005848 seconds.
Native extension for WindowsStandalone target not found
Native extension for OSXStandalone target not found
Refreshing native plugins compatible for Editor in 79.87 ms, found 4 plugins.
Preloading 0 native plugins for Editor in 0.00 ms.
Mono: successfully reloaded assembly
- Completed reload, in  0.655 seconds
Domain Reload Profiling:
	ReloadAssembly (656ms)
		BeginReloadAssembly (70ms)
			ExecutionOrderSort (0ms)
			DisableScriptedObjects (0ms)
			BackupInstance (0ms)
			ReleaseScriptingObjects (0ms)
			CreateAndSetChildDomain (1ms)
		EndReloadAssembly (479ms)
			LoadAssemblies (68ms)
			RebuildTransferFunctionScriptingTraits (0ms)
			SetupTypeCache (115ms)
			ReleaseScriptCaches (0ms)
			RebuildScriptCaches (28ms)
			SetupLoadedEditorAssemblies (284ms)
				LogAssemblyErrors (0ms)
				InitializePlatformSupportModulesInManaged (10ms)
				SetLoadedEditorAssemblies (0ms)
				RefreshPlugins (80ms)
				BeforeProcessingInitializeOnLoad (2ms)
				ProcessInitializeOnLoadAttributes (141ms)
				ProcessInitializeOnLoadMethodAttributes (51ms)
				AfterProcessingInitializeOnLoad (0ms)
				EditorAssembliesLoaded (0ms)
			ExecutionOrderSort2 (0ms)
			AwakeInstancesAfterBackupRestoration (0ms)
Platform modules already initialized, skipping
Registering precompiled user dll's ...
Registered in 0.006967 seconds.
Begin MonoManager ReloadAssembly
Symbol file LoadedFromMemory doesn't match image C:\Users\eduar\OneDrive\Desktop\Unity Projects\Untitled-Platformer-Game\Library\PackageCache\com.unity.visualscripting@1.7.6\Editor\VisualScripting.Core\Dependencies\YamlDotNet\Unity.VisualScripting.YamlDotNet.dll
Symbol file LoadedFromMemory is not a mono symbol file
Symbol file LoadedFromMemory doesn't match image C:\Users\eduar\OneDrive\Desktop\Unity Projects\Untitled-Platformer-Game\Library\PackageCache\com.unity.visualscripting@1.7.6\Editor\VisualScripting.Core\Dependencies\DotNetZip\Unity.VisualScripting.IonicZip.dll
Native extension for WindowsStandalone target not found
Native extension for OSXStandalone target not found
Refreshing native plugins compatible for Editor in 92.85 ms, found 4 plugins.
Preloading 0 native plugins for Editor in 0.00 ms.
Mono: successfully reloaded assembly
- Completed reload, in  1.144 seconds
Domain Reload Profiling:
	ReloadAssembly (1145ms)
		BeginReloadAssembly (110ms)
			ExecutionOrderSort (0ms)
			DisableScriptedObjects (6ms)
			BackupInstance (0ms)
			ReleaseScriptingObjects (0ms)
			CreateAndSetChildDomain (19ms)
		EndReloadAssembly (916ms)
			LoadAssemblies (97ms)
			RebuildTransferFunctionScriptingTraits (0ms)
			SetupTypeCache (244ms)
			ReleaseScriptCaches (1ms)
			RebuildScriptCaches (55ms)
			SetupLoadedEditorAssemblies (473ms)
				LogAssemblyErrors (0ms)
				InitializePlatformSupportModulesInManaged (7ms)
				SetLoadedEditorAssemblies (0ms)
				RefreshPlugins (93ms)
				BeforeProcessingInitializeOnLoad (94ms)
				ProcessInitializeOnLoadAttributes (229ms)
				ProcessInitializeOnLoadMethodAttributes (43ms)
				AfterProcessingInitializeOnLoad (7ms)
				EditorAssembliesLoaded (0ms)
			ExecutionOrderSort2 (0ms)
			AwakeInstancesAfterBackupRestoration (7ms)
Platform modules already initialized, skipping
========================================================================
Worker process is ready to serve import requests
Launched and connected shader compiler UnityShaderCompiler.exe after 0.04 seconds
Refreshing native plugins compatible for Editor in 0.69 ms, found 4 plugins.
Preloading 0 native plugins for Editor in 0.00 ms.
Unloading 3926 Unused Serialized files (Serialized files now loaded: 0)
Unloading 40 unused Assets / (225.4 KB). Loaded Objects now: 4380.
Memory consumption went from 149.3 MB to 149.1 MB.
Total: 3.506900 ms (FindLiveObjects: 0.320700 ms CreateObjectMapping: 0.251900 ms MarkObjects: 2.755700 ms  DeleteObjects: 0.177500 ms)

AssetImportParameters requested are different than current active one (requested -> active):
  custom:video-decoder-ogg-theora: a1e56fd34408186e4bbccfd4996cb3dc -> 
  custom:container-muxer-webm: aa71ff27fc2769a1b78a27578f13a17b -> 
  custom:container-demuxer-webm: 4f35f7cbe854078d1ac9338744f61a02 -> 
  custom:video-encoder-webm-vp8: eb34c28f22e8b96e1ab97ce403110664 -> 
  custom:audio-encoder-webm-vorbis: bf7c407c2cedff20999df2af8eb42d56 -> 
  custom:framework-win-MediaFoundation: 216162199b28c13a410421893ffa2e32 -> 
  custom:container-demuxer-ogg: 62fdf1f143b41e24485cea50d1cbac27 -> 
  custom:video-decoder-webm-vp8: 9c59270c3fd7afecdb556c50c9e8de78 -> 
  custom:audio-decoder-ogg-vorbis: bf7c407c2cedff20999df2af8eb42d56 -> 
========================================================================
Received Import Request.
  Time since last request: 3370242.610112 seconds.
  path: Assets
  artifactKey: Guid(00000000000000001000000000000000) Importer(815301076,1909f56bfc062723c751e8b465ee728b)
Start importing Assets using Guid(00000000000000001000000000000000) Importer(815301076,1909f56bfc062723c751e8b465ee728b)  -> (artifact id: '79842766b460edbeab6a34051e857a80') in 0.009731 seconds 
========================================================================
Received Import Request.
  Time since last request: 0.496823 seconds.
  path: Assets/Animations
  artifactKey: Guid(9410f306a03582b428a757eb127106b2) Importer(815301076,1909f56bfc062723c751e8b465ee728b)
Start importing Assets/Animations using Guid(9410f306a03582b428a757eb127106b2) Importer(815301076,1909f56bfc062723c751e8b465ee728b)  -> (artifact id: '11e17d604dd8a798a8a63edc444b46e9') in 0.005622 seconds 
========================================================================
Received Import Request.
  Time since last request: 3.708148 seconds.
  path: Assets/Sprites
  artifactKey: Guid(72ab7ef3f9c29fb40b8644e1ec20e9dd) Importer(815301076,1909f56bfc062723c751e8b465ee728b)
Start importing Assets/Sprites using Guid(72ab7ef3f9c29fb40b8644e1ec20e9dd) Importer(815301076,1909f56bfc062723c751e8b465ee728b)  -> (artifact id: '46b11077036aeb3c824a36510bbeedb6') in 0.005618 seconds 
========================================================================
Received Import Request.
  Time since last request: 3.590163 seconds.
  path: Assets/Scripts
  artifactKey: Guid(f1e9b930ff30d1542bb95c03bb45cabd) Importer(815301076,1909f56bfc062723c751e8b465ee728b)
Start importing Assets/Scripts using Guid(f1e9b930ff30d1542bb95c03bb45cabd) Importer(815301076,1909f56bfc062723c751e8b465ee728b)  -> (artifact id: '8da7062d28177838b4d0c509402f5e15') in 0.007037 seconds 
========================================================================
Received Import Request.
  Time since last request: 3.164510 seconds.
  path: Assets/Tiles
  artifactKey: Guid(938fbad6656b32345a435827a63ae323) Importer(815301076,1909f56bfc062723c751e8b465ee728b)
Start importing Assets/Tiles using Guid(938fbad6656b32345a435827a63ae323) Importer(815301076,1909f56bfc062723c751e8b465ee728b)  -> (artifact id: '63f65b24c235cf677e925c9ed5c5f8f1') in 0.005424 seconds 
========================================================================
Received Import Request.
  Time since last request: 7.459342 seconds.
  path: Assets/Scriptable Objects
  artifactKey: Guid(954607ea6d3ffa3438ef802567250605) Importer(815301076,1909f56bfc062723c751e8b465ee728b)
Start importing Assets/Scriptable Objects using Guid(954607ea6d3ffa3438ef802567250605) Importer(815301076,1909f56bfc062723c751e8b465ee728b)  -> (artifact id: '7ac65d3fdf9dd2b6ab75816507c792a6') in 0.005307 seconds 
========================================================================
Received Import Request.
  Time since last request: 6.655580 seconds.
  path: Assets/Scenes
  artifactKey: Guid(131a6b21c8605f84396be9f6751fb6e3) Importer(815301076,1909f56bfc062723c751e8b465ee728b)
Start importing Assets/Scenes using Guid(131a6b21c8605f84396be9f6751fb6e3) Importer(815301076,1909f56bfc062723c751e8b465ee728b)  -> (artifact id: '2c23e514d24f6b65fe96946cd87fc526') in 0.005006 seconds 
========================================================================
Received Import Request.
  Time since last request: 12.828827 seconds.
  path: Assets/TextMesh Pro
  artifactKey: Guid(f54d1bd14bd3ca042bd867b519fee8cc) Importer(815301076,1909f56bfc062723c751e8b465ee728b)
Start importing Assets/TextMesh Pro using Guid(f54d1bd14bd3ca042bd867b519fee8cc) Importer(815301076,1909f56bfc062723c751e8b465ee728b)  -> (artifact id: 'f5648c5ef36b7beab651a001a8d08867') in 0.005417 seconds 
========================================================================
Received Import Request.
  Time since last request: 30.557560 seconds.
  path: Assets/Sprites/tileset
  artifactKey: Guid(343b8bfa57ddfdc4d937ab906077ec73) Importer(815301076,1909f56bfc062723c751e8b465ee728b)
Start importing Assets/Sprites/tileset using Guid(343b8bfa57ddfdc4d937ab906077ec73) Importer(815301076,1909f56bfc062723c751e8b465ee728b)  -> (artifact id: '86320cbee55c44a0af22cbf178bb3c6f') in 0.005971 seconds 
========================================================================
Received Import Request.
  Time since last request: 2.227977 seconds.
  path: Assets/Sprites/Tileset
  artifactKey: Guid(343b8bfa57ddfdc4d937ab906077ec73) Importer(815301076,1909f56bfc062723c751e8b465ee728b)
Start importing Assets/Sprites/Tileset using Guid(343b8bfa57ddfdc4d937ab906077ec73) Importer(815301076,1909f56bfc062723c751e8b465ee728b)  -> (artifact id: 'cf598f2303e73bd4730e5f209db9ee12') in 0.006644 seconds 
========================================================================
Received Import Request.
  Time since last request: 18.550319 seconds.
  path: Assets/Sprites/Player
  artifactKey: Guid(dc9ae5692e89fb145a048914dddfbd4c) Importer(815301076,1909f56bfc062723c751e8b465ee728b)
Start importing Assets/Sprites/Player using Guid(dc9ae5692e89fb145a048914dddfbd4c) Importer(815301076,1909f56bfc062723c751e8b465ee728b)  -> (artifact id: '780d84e44df5277860e64e96b9aa38cb') in 0.005481 seconds 
========================================================================
Received Import Request.
  Time since last request: 24.341686 seconds.
  path: Assets/Sprites/Player/aim.png
  artifactKey: Guid(a11d1b50aa493074b9d3150e6494a645) Importer(815301076,1909f56bfc062723c751e8b465ee728b)
Start importing Assets/Sprites/Player/aim.png using Guid(a11d1b50aa493074b9d3150e6494a645) Importer(815301076,1909f56bfc062723c751e8b465ee728b)  -> (artifact id: '109bc5bf7fed1daf5264f1dc73a3e3bc') in 0.113075 seconds 
========================================================================
Received Import Request.
  Time since last request: 0.000023 seconds.
  path: Assets/Sprites/Player/throw_arm.png
  artifactKey: Guid(732aef4ed3eed81438d6179055eea3bf) Importer(815301076,1909f56bfc062723c751e8b465ee728b)
Start importing Assets/Sprites/Player/throw_arm.png using Guid(732aef4ed3eed81438d6179055eea3bf) Importer(815301076,1909f56bfc062723c751e8b465ee728b)  -> (artifact id: 'cad14c482af6ecd58f183c79ce513580') in 0.013847 seconds 
========================================================================
Received Import Request.
  Time since last request: 0.000028 seconds.
  path: Assets/Sprites/Player/fall.png
  artifactKey: Guid(3bb24610af3e7fc4b9ec4b2dfdc04956) Importer(815301076,1909f56bfc062723c751e8b465ee728b)
Start importing Assets/Sprites/Player/fall.png using Guid(3bb24610af3e7fc4b9ec4b2dfdc04956) Importer(815301076,1909f56bfc062723c751e8b465ee728b)  -> (artifact id: '805bb3b6a563860041a3ee243dee600a') in 0.019693 seconds 
========================================================================
Received Import Request.
  Time since last request: 0.000025 seconds.
  path: Assets/Sprites/Player/holding_exiting.png
  artifactKey: Guid(ff2a8c9d08d0bc64cb7c50dd3aae427d) Importer(815301076,1909f56bfc062723c751e8b465ee728b)
Start importing Assets/Sprites/Player/holding_exiting.png using Guid(ff2a8c9d08d0bc64cb7c50dd3aae427d) Importer(815301076,1909f56bfc062723c751e8b465ee728b)  -> (artifact id: '850d2aa7429a75edf170931a55f83064') in 0.017292 seconds 
========================================================================
Received Import Request.
  Time since last request: 0.000036 seconds.
  path: Assets/Sprites/Player/holding_throw_launch.png
  artifactKey: Guid(4b0cd3119e9fa504bb7c00dfc526986d) Importer(815301076,1909f56bfc062723c751e8b465ee728b)
Start importing Assets/Sprites/Player/holding_throw_launch.png using Guid(4b0cd3119e9fa504bb7c00dfc526986d) Importer(815301076,1909f56bfc062723c751e8b465ee728b)  -> (artifact id: '50a46a959d6ddefe97ba97ad117657df') in 0.013987 seconds 
========================================================================
Received Import Request.
  Time since last request: 0.000021 seconds.
  path: Assets/Sprites/Player/deep_swimming.png
  artifactKey: Guid(029cfa3509cb9f0429534e754ddeeb4f) Importer(815301076,1909f56bfc062723c751e8b465ee728b)
Start importing Assets/Sprites/Player/deep_swimming.png using Guid(029cfa3509cb9f0429534e754ddeeb4f) Importer(815301076,1909f56bfc062723c751e8b465ee728b)  -> (artifact id: '6b5e28b51050730fb04fe1a5583982e8') in 0.015698 seconds 
========================================================================
Received Import Request.
  Time since last request: 0.000030 seconds.
  path: Assets/Sprites/Player/hang.png
  artifactKey: Guid(b18c7728e9059eb4589e85ed83fa75bc) Importer(815301076,1909f56bfc062723c751e8b465ee728b)
Start importing Assets/Sprites/Player/hang.png using Guid(b18c7728e9059eb4589e85ed83fa75bc) Importer(815301076,1909f56bfc062723c751e8b465ee728b)  -> (artifact id: '2ec6dceb225c124803b2d217e862fb82') in 0.014649 seconds 
========================================================================
Received Import Request.
  Time since last request: 0.000021 seconds.
  path: Assets/Sprites/Player/holding_jump.png
  artifactKey: Guid(e902c6e074ae4aa4aab7bd5fc42e9069) Importer(815301076,1909f56bfc062723c751e8b465ee728b)
Start importing Assets/Sprites/Player/holding_jump.png using Guid(e902c6e074ae4aa4aab7bd5fc42e9069) Importer(815301076,1909f56bfc062723c751e8b465ee728b)  -> (artifact id: 'f3dc5875192751b0d081b31b97d34cb8') in 0.015520 seconds 
========================================================================
Received Import Request.
  Time since last request: 0.000026 seconds.
  path: Assets/Sprites/Player/dead.png
  artifactKey: Guid(29e36082345fae843b42f1a5f784aa86) Importer(815301076,1909f56bfc062723c751e8b465ee728b)
Start importing Assets/Sprites/Player/dead.png using Guid(29e36082345fae843b42f1a5f784aa86) Importer(815301076,1909f56bfc062723c751e8b465ee728b)  -> (artifact id: '4526671330388e7e2e0f9b0b8fae5a7b') in 0.015823 seconds 
========================================================================
Received Import Request.
  Time since last request: 0.000022 seconds.
  path: Assets/Sprites/Player/holding_entering.png
  artifactKey: Guid(33da854d4f2802740ab6955576a43614) Importer(815301076,1909f56bfc062723c751e8b465ee728b)
Start importing Assets/Sprites/Player/holding_entering.png using Guid(33da854d4f2802740ab6955576a43614) Importer(815301076,1909f56bfc062723c751e8b465ee728b)  -> (artifact id: '053d1af5d558c96a227c31b46a505c78') in 0.015612 seconds 
========================================================================
Received Import Request.
  Time since last request: 0.000029 seconds.
  path: Assets/Sprites/Player/hurt_ground.png
  artifactKey: Guid(95fd06fd4a859094280a54c4841a45f1) Importer(815301076,1909f56bfc062723c751e8b465ee728b)
Start importing Assets/Sprites/Player/hurt_ground.png using Guid(95fd06fd4a859094280a54c4841a45f1) Importer(815301076,1909f56bfc062723c751e8b465ee728b)  -> (artifact id: '14fb774c67f66da5256b11a3797f9129') in 0.015511 seconds 
========================================================================
Received Import Request.
  Time since last request: 0.000026 seconds.
  path: Assets/Sprites/Player/swing_two_handed_base.png
  artifactKey: Guid(389a3042ea5f19047baec3b08eec1eca) Importer(815301076,1909f56bfc062723c751e8b465ee728b)
Start importing Assets/Sprites/Player/swing_two_handed_base.png using Guid(389a3042ea5f19047baec3b08eec1eca) Importer(815301076,1909f56bfc062723c751e8b465ee728b)  -> (artifact id: '36c0bce8eaa79ceabc5369cfa426ea12') in 0.019539 seconds 
========================================================================
Received Import Request.
  Time since last request: 0.000027 seconds.
  path: Assets/Sprites/Player/holding_deep_swimming.png
  artifactKey: Guid(756ed56aca710314ba0bed67ced1268e) Importer(815301076,1909f56bfc062723c751e8b465ee728b)
Start importing Assets/Sprites/Player/holding_deep_swimming.png using Guid(756ed56aca710314ba0bed67ced1268e) Importer(815301076,1909f56bfc062723c751e8b465ee728b)  -> (artifact id: '634231af5a3e8d0f87ddfd60449854e2') in 0.018299 seconds 
========================================================================
Received Import Request.
  Time since last request: 0.000049 seconds.
  path: Assets/Sprites/Player/lookup.png
  artifactKey: Guid(44070b40cd302ac448a00da87e19b5e5) Importer(815301076,1909f56bfc062723c751e8b465ee728b)
Start importing Assets/Sprites/Player/lookup.png using Guid(44070b40cd302ac448a00da87e19b5e5) Importer(815301076,1909f56bfc062723c751e8b465ee728b)  -> (artifact id: 'e83518a2d7a7d6f29868d401fe414e5e') in 0.014841 seconds 
========================================================================
Received Import Request.
  Time since last request: 0.000033 seconds.
  path: Assets/Sprites/Player/holding_walk_2.png
  artifactKey: Guid(37d63b9ed1549734b94d1f4480580654) Importer(815301076,1909f56bfc062723c751e8b465ee728b)
Start importing Assets/Sprites/Player/holding_walk_2.png using Guid(37d63b9ed1549734b94d1f4480580654) Importer(815301076,1909f56bfc062723c751e8b465ee728b)  -> (artifact id: '366a1ba2fc62871c0572934f195ac1f0') in 0.015933 seconds 
========================================================================
Received Import Request.
  Time since last request: 0.000028 seconds.
  path: Assets/Sprites/Player/wall_jump.png
  artifactKey: Guid(8df1f71c5a30dd64a85eb9538ed61509) Importer(815301076,1909f56bfc062723c751e8b465ee728b)
Start importing Assets/Sprites/Player/wall_jump.png using Guid(8df1f71c5a30dd64a85eb9538ed61509) Importer(815301076,1909f56bfc062723c751e8b465ee728b)  -> (artifact id: '56e848f6ca41d0e0f0e78471735c70c2') in 0.021900 seconds 
========================================================================
Received Import Request.
  Time since last request: 0.000034 seconds.
  path: Assets/Sprites/Player/portrait_small.png
  artifactKey: Guid(5fdbfbf5eae2a91498b65faf76e94f20) Importer(815301076,1909f56bfc062723c751e8b465ee728b)
Start importing Assets/Sprites/Player/portrait_small.png using Guid(5fdbfbf5eae2a91498b65faf76e94f20) Importer(815301076,1909f56bfc062723c751e8b465ee728b)  -> (artifact id: '32b64b93a1cfb4f73d5018cc8cd01576') in 0.015576 seconds 
========================================================================
Received Import Request.
  Time since last request: 0.000025 seconds.
  path: Assets/Sprites/Player/push.png
  artifactKey: Guid(28f82626843120e498368b16dcaee697) Importer(815301076,1909f56bfc062723c751e8b465ee728b)
Start importing Assets/Sprites/Player/push.png using Guid(28f82626843120e498368b16dcaee697) Importer(815301076,1909f56bfc062723c751e8b465ee728b)  -> (artifact id: 'a98eb61a37ca0a0ea5f92ab9a341f5ed') in 0.019019 seconds 
========================================================================
Received Import Request.
  Time since last request: 0.000038 seconds.
  path: Assets/Sprites/Player/roll.png
  artifactKey: Guid(8ef346a062e3cb54ca77a4d7f1fd060e) Importer(815301076,1909f56bfc062723c751e8b465ee728b)
Start importing Assets/Sprites/Player/roll.png using Guid(8ef346a062e3cb54ca77a4d7f1fd060e) Importer(815301076,1909f56bfc062723c751e8b465ee728b)  -> (artifact id: 'c232f71131b0ae3f3b14c94de8339b1e') in 0.017465 seconds 
========================================================================
Received Import Request.
  Time since last request: 0.000023 seconds.
  path: Assets/Sprites/Player/duck.png
  artifactKey: Guid(57849536e23c0cd4dbc04b0f8abcafd8) Importer(815301076,1909f56bfc062723c751e8b465ee728b)
Start importing Assets/Sprites/Player/duck.png using Guid(57849536e23c0cd4dbc04b0f8abcafd8) Importer(815301076,1909f56bfc062723c751e8b465ee728b)  -> (artifact id: 'bd99722cfb5ad5953c78f565466db6c7') in 0.017803 seconds 
========================================================================
Received Import Request.
  Time since last request: 0.000027 seconds.
  path: Assets/Sprites/Player/crawl_ledge.png
  artifactKey: Guid(5f45c577777598144877108f482f6330) Importer(815301076,1909f56bfc062723c751e8b465ee728b)
Start importing Assets/Sprites/Player/crawl_ledge.png using Guid(5f45c577777598144877108f482f6330) Importer(815301076,1909f56bfc062723c751e8b465ee728b)  -> (artifact id: '332ba30bfbff8997cf1e9b2ea5bd2596') in 0.022271 seconds 
========================================================================
Received Import Request.
  Time since last request: 0.000027 seconds.
  path: Assets/Sprites/Player/throw_charge.png
  artifactKey: Guid(a20dcb76e0acbcf4e8ea69d731541e1c) Importer(815301076,1909f56bfc062723c751e8b465ee728b)
Start importing Assets/Sprites/Player/throw_charge.png using Guid(a20dcb76e0acbcf4e8ea69d731541e1c) Importer(815301076,1909f56bfc062723c751e8b465ee728b)  -> (artifact id: '184c70a5eaa9440ebca326649775723c') in 0.017068 seconds 
========================================================================
Received Import Request.
  Time since last request: 0.000039 seconds.
  path: Assets/Sprites/Player/walk.png
  artifactKey: Guid(33269eaf3f153ba40877321ccfc7dd80) Importer(815301076,1909f56bfc062723c751e8b465ee728b)
Start importing Assets/Sprites/Player/walk.png using Guid(33269eaf3f153ba40877321ccfc7dd80) Importer(815301076,1909f56bfc062723c751e8b465ee728b)  -> (artifact id: 'd246948baea5fb389fde13469bb193ac') in 0.015246 seconds 
========================================================================
Received Import Request.
  Time since last request: 0.000024 seconds.
  path: Assets/Sprites/Player/cast_released.png
  artifactKey: Guid(9b12aaca3ef0b8a4b9874f3088ba7064) Importer(815301076,1909f56bfc062723c751e8b465ee728b)
Start importing Assets/Sprites/Player/cast_released.png using Guid(9b12aaca3ef0b8a4b9874f3088ba7064) Importer(815301076,1909f56bfc062723c751e8b465ee728b)  -> (artifact id: 'cda49b3686d8294904ee5661fc7f0142') in 0.016225 seconds 
========================================================================
Received Import Request.
  Time since last request: 0.000030 seconds.
  path: Assets/Sprites/Player/holding_swim_transition2.png
  artifactKey: Guid(45447b184f8ecd44699284a31c95270f) Importer(815301076,1909f56bfc062723c751e8b465ee728b)
Start importing Assets/Sprites/Player/holding_swim_transition2.png using Guid(45447b184f8ecd44699284a31c95270f) Importer(815301076,1909f56bfc062723c751e8b465ee728b)  -> (artifact id: '7cd9b609804184eb77454f3851fb6ec9') in 0.015409 seconds 
========================================================================
Received Import Request.
  Time since last request: 0.000022 seconds.
  path: Assets/Sprites/Player/entering.png
  artifactKey: Guid(7f943a64f991df6408f19449e2836265) Importer(815301076,1909f56bfc062723c751e8b465ee728b)
Start importing Assets/Sprites/Player/entering.png using Guid(7f943a64f991df6408f19449e2836265) Importer(815301076,1909f56bfc062723c751e8b465ee728b)  -> (artifact id: '8ec12ccec2de9a236f3c5e11acc25bba') in 0.013324 seconds 
========================================================================
Received Import Request.
  Time since last request: 0.000030 seconds.
  path: Assets/Sprites/Player/sliding_ladders.png
  artifactKey: Guid(0afc264bfe5e6114cb3cb30b3278ddbe) Importer(815301076,1909f56bfc062723c751e8b465ee728b)
Start importing Assets/Sprites/Player/sliding_ladders.png using Guid(0afc264bfe5e6114cb3cb30b3278ddbe) Importer(815301076,1909f56bfc062723c751e8b465ee728b)  -> (artifact id: '884a704960df99045a624c1931b1d0e7') in 0.012795 seconds 
========================================================================
Received Import Request.
  Time since last request: 0.000023 seconds.
  path: Assets/Sprites/Player/holding_swim_transition.png
  artifactKey: Guid(5455ba35b5b02a043a4063b987bb6d3a) Importer(815301076,1909f56bfc062723c751e8b465ee728b)
Start importing Assets/Sprites/Player/holding_swim_transition.png using Guid(5455ba35b5b02a043a4063b987bb6d3a) Importer(815301076,1909f56bfc062723c751e8b465ee728b)  -> (artifact id: '36a475dfaf4f9c839a77d5fdc5df6f1f') in 0.012774 seconds 
========================================================================
Received Import Request.
  Time since last request: 9.169820 seconds.
  path: Assets/Sprites/Player/aim_arm.png
  artifactKey: Guid(fff7220545d8d6f4fa746919b995c876) Importer(815301076,1909f56bfc062723c751e8b465ee728b)
Start importing Assets/Sprites/Player/aim_arm.png using Guid(fff7220545d8d6f4fa746919b995c876) Importer(815301076,1909f56bfc062723c751e8b465ee728b)  -> (artifact id: '74f02ee95c7deb3926da02f345dd0584') in 0.012250 seconds 
========================================================================
Received Import Request.
  Time since last request: 0.000027 seconds.
  path: Assets/Sprites/Player/throw_arm.png
  artifactKey: Guid(732aef4ed3eed81438d6179055eea3bf) Importer(815301076,1909f56bfc062723c751e8b465ee728b)
Start importing Assets/Sprites/Player/throw_arm.png using Guid(732aef4ed3eed81438d6179055eea3bf) Importer(815301076,1909f56bfc062723c751e8b465ee728b)  -> (artifact id: 'f8ea3e9754265ba7009bcd67b224527d') in 0.010559 seconds 
========================================================================
Received Import Request.
  Time since last request: 0.000031 seconds.
  path: Assets/Sprites/Player/fall.png
  artifactKey: Guid(3bb24610af3e7fc4b9ec4b2dfdc04956) Importer(815301076,1909f56bfc062723c751e8b465ee728b)
Start importing Assets/Sprites/Player/fall.png using Guid(3bb24610af3e7fc4b9ec4b2dfdc04956) Importer(815301076,1909f56bfc062723c751e8b465ee728b)  -> (artifact id: '0da3e74197e5d7e86e389e80cfa358d5') in 0.010571 seconds 
========================================================================
Received Import Request.
  Time since last request: 0.000026 seconds.
  path: Assets/Sprites/Player/holding_exiting.png
  artifactKey: Guid(ff2a8c9d08d0bc64cb7c50dd3aae427d) Importer(815301076,1909f56bfc062723c751e8b465ee728b)
Start importing Assets/Sprites/Player/holding_exiting.png using Guid(ff2a8c9d08d0bc64cb7c50dd3aae427d) Importer(815301076,1909f56bfc062723c751e8b465ee728b)  -> (artifact id: '763eec52554a5324eb9d37002ff58da9') in 0.013876 seconds 
========================================================================
Received Import Request.
  Time since last request: 0.000020 seconds.
  path: Assets/Sprites/Player/holding_throw_launch.png
  artifactKey: Guid(4b0cd3119e9fa504bb7c00dfc526986d) Importer(815301076,1909f56bfc062723c751e8b465ee728b)
Start importing Assets/Sprites/Player/holding_throw_launch.png using Guid(4b0cd3119e9fa504bb7c00dfc526986d) Importer(815301076,1909f56bfc062723c751e8b465ee728b)  -> (artifact id: 'cc10a0f746ffcdb0c80df2a7968a55ef') in 0.009801 seconds 
========================================================================
Received Import Request.
  Time since last request: 0.000027 seconds.
  path: Assets/Sprites/Player/deep_swimming.png
  artifactKey: Guid(029cfa3509cb9f0429534e754ddeeb4f) Importer(815301076,1909f56bfc062723c751e8b465ee728b)
Start importing Assets/Sprites/Player/deep_swimming.png using Guid(029cfa3509cb9f0429534e754ddeeb4f) Importer(815301076,1909f56bfc062723c751e8b465ee728b)  -> (artifact id: 'afd65c450f3afe14559e2968af7609fe') in 0.012858 seconds 
========================================================================
Received Import Request.
  Time since last request: 0.000022 seconds.
  path: Assets/Sprites/Player/hang.png
  artifactKey: Guid(b18c7728e9059eb4589e85ed83fa75bc) Importer(815301076,1909f56bfc062723c751e8b465ee728b)
Start importing Assets/Sprites/Player/hang.png using Guid(b18c7728e9059eb4589e85ed83fa75bc) Importer(815301076,1909f56bfc062723c751e8b465ee728b)  -> (artifact id: '6c4dd4116a2d736e47bda839c9d31763') in 0.010346 seconds 
========================================================================
Received Import Request.
  Time since last request: 0.000054 seconds.
  path: Assets/Sprites/Player/jump.png
  artifactKey: Guid(aa357157646daf841a66979d9f7894ab) Importer(815301076,1909f56bfc062723c751e8b465ee728b)
Start importing Assets/Sprites/Player/jump.png using Guid(aa357157646daf841a66979d9f7894ab) Importer(815301076,1909f56bfc062723c751e8b465ee728b)  -> (artifact id: 'ae0b632c9b5a7daabecbb03854bfc263') in 0.014313 seconds 
========================================================================
Received Import Request.
  Time since last request: 0.000029 seconds.
  path: Assets/Sprites/Player/holding_entering.png
  artifactKey: Guid(33da854d4f2802740ab6955576a43614) Importer(815301076,1909f56bfc062723c751e8b465ee728b)
Start importing Assets/Sprites/Player/holding_entering.png using Guid(33da854d4f2802740ab6955576a43614) Importer(815301076,1909f56bfc062723c751e8b465ee728b)  -> (artifact id: 'd9c110e79b7a811abb9f5c54d2da0ebf') in 0.014718 seconds 
========================================================================
Received Import Request.
  Time since last request: 0.000022 seconds.
  path: Assets/Sprites/Player/dash.png
  artifactKey: Guid(d12fffad9c29d524994c9038c4b3bff8) Importer(815301076,1909f56bfc062723c751e8b465ee728b)
Start importing Assets/Sprites/Player/dash.png using Guid(d12fffad9c29d524994c9038c4b3bff8) Importer(815301076,1909f56bfc062723c751e8b465ee728b)  -> (artifact id: 'a6138479c570604389fcdcaef37b268e') in 0.012864 seconds 
========================================================================
Received Import Request.
  Time since last request: 0.000022 seconds.
  path: Assets/Sprites/Player/holding_deep_swimming.png
  artifactKey: Guid(756ed56aca710314ba0bed67ced1268e) Importer(815301076,1909f56bfc062723c751e8b465ee728b)
Start importing Assets/Sprites/Player/holding_deep_swimming.png using Guid(756ed56aca710314ba0bed67ced1268e) Importer(815301076,1909f56bfc062723c751e8b465ee728b)  -> (artifact id: 'a5b55d1830e768d5d6eb25893b76f35f') in 0.010706 seconds 
========================================================================
Received Import Request.
  Time since last request: 0.000023 seconds.
  path: Assets/Sprites/Player/stab.png
  artifactKey: Guid(2a021c15ee59ef649bde2ba7fe9a3ec3) Importer(815301076,1909f56bfc062723c751e8b465ee728b)
Start importing Assets/Sprites/Player/stab.png using Guid(2a021c15ee59ef649bde2ba7fe9a3ec3) Importer(815301076,1909f56bfc062723c751e8b465ee728b)  -> (artifact id: '894fc56b2d49f77e37d7ccc69dea77ab') in 0.014707 seconds 
========================================================================
Received Import Request.
  Time since last request: 0.000027 seconds.
  path: Assets/Sprites/Player/wall_jump.png
  artifactKey: Guid(8df1f71c5a30dd64a85eb9538ed61509) Importer(815301076,1909f56bfc062723c751e8b465ee728b)
Start importing Assets/Sprites/Player/wall_jump.png using Guid(8df1f71c5a30dd64a85eb9538ed61509) Importer(815301076,1909f56bfc062723c751e8b465ee728b)  -> (artifact id: 'b80de85790c3c6691e7c955d9f3916d3') in 0.014667 seconds 
========================================================================
Received Import Request.
  Time since last request: 0.000015 seconds.
  path: Assets/Sprites/Player/push.png
  artifactKey: Guid(28f82626843120e498368b16dcaee697) Importer(815301076,1909f56bfc062723c751e8b465ee728b)
Start importing Assets/Sprites/Player/push.png using Guid(28f82626843120e498368b16dcaee697) Importer(815301076,1909f56bfc062723c751e8b465ee728b)  -> (artifact id: 'b69434478f92cc535d99d1b6677648af') in 0.014355 seconds 
========================================================================
Received Import Request.
  Time since last request: 0.000024 seconds.
  path: Assets/Sprites/Player/swing_two_handed_arms.png
  artifactKey: Guid(6bf5529d4ef79b84ab3d00a9b0bfc2c9) Importer(815301076,1909f56bfc062723c751e8b465ee728b)
Start importing Assets/Sprites/Player/swing_two_handed_arms.png using Guid(6bf5529d4ef79b84ab3d00a9b0bfc2c9) Importer(815301076,1909f56bfc062723c751e8b465ee728b)  -> (artifact id: 'cf7f0c86e204af486946dd993188b295') in 0.011786 seconds 
========================================================================
Received Import Request.
  Time since last request: 0.000026 seconds.
  path: Assets/Sprites/Player/crawl_ledge.png
  artifactKey: Guid(5f45c577777598144877108f482f6330) Importer(815301076,1909f56bfc062723c751e8b465ee728b)
Start importing Assets/Sprites/Player/crawl_ledge.png using Guid(5f45c577777598144877108f482f6330) Importer(815301076,1909f56bfc062723c751e8b465ee728b)  -> (artifact id: '1449301e9d9060a4ce40b9e6098e7c80') in 0.016160 seconds 
========================================================================
Received Import Request.
  Time since last request: 0.000017 seconds.
  path: Assets/Sprites/Player/bonfire_sit.png
  artifactKey: Guid(d0ee5aa82951d514ca5ec3664832f30d) Importer(815301076,1909f56bfc062723c751e8b465ee728b)
Start importing Assets/Sprites/Player/bonfire_sit.png using Guid(d0ee5aa82951d514ca5ec3664832f30d) Importer(815301076,1909f56bfc062723c751e8b465ee728b)  -> (artifact id: 'd2e3a8e3403e98ebc519114355cd4ded') in 0.012684 seconds 
========================================================================
Received Import Request.
  Time since last request: 0.000043 seconds.
  path: Assets/Sprites/Player/cast_released.png
  artifactKey: Guid(9b12aaca3ef0b8a4b9874f3088ba7064) Importer(815301076,1909f56bfc062723c751e8b465ee728b)
Start importing Assets/Sprites/Player/cast_released.png using Guid(9b12aaca3ef0b8a4b9874f3088ba7064) Importer(815301076,1909f56bfc062723c751e8b465ee728b)  -> (artifact id: '5bb10b5638a3556d20885da64a2a4f2c') in 0.012811 seconds 
========================================================================
Received Import Request.
  Time since last request: 0.000033 seconds.
  path: Assets/Sprites/Player/holding_stand.png
  artifactKey: Guid(07ece99ae34e43943b9b2ab52df07a06) Importer(815301076,1909f56bfc062723c751e8b465ee728b)
Start importing Assets/Sprites/Player/holding_stand.png using Guid(07ece99ae34e43943b9b2ab52df07a06) Importer(815301076,1909f56bfc062723c751e8b465ee728b)  -> (artifact id: 'e38ba5929de92b5d7317325e36a1f1ce') in 0.014306 seconds 
========================================================================
Received Import Request.
  Time since last request: 0.000042 seconds.
  path: Assets/Sprites/Player/sliding_ladders.png
  artifactKey: Guid(0afc264bfe5e6114cb3cb30b3278ddbe) Importer(815301076,1909f56bfc062723c751e8b465ee728b)
Start importing Assets/Sprites/Player/sliding_ladders.png using Guid(0afc264bfe5e6114cb3cb30b3278ddbe) Importer(815301076,1909f56bfc062723c751e8b465ee728b)  -> (artifact id: '501a77198d3e2fc1bb570486ac56fc95') in 0.012041 seconds 
Editor requested this worker to shutdown with reason: Scaling down because of idle timeout
AssetImportWorker is now disconnected from the server
Process exiting
Exiting without the bug reporter. Application will terminate with return code 0